/*C5*/SET SCHEMA PUBLIC
CREATE TABLE IF NOT EXISTS inventario (id INTEGER IDENTITY, category varchar(100), status varchar(1))
DELETE FROM INVENTARIO WHERE ID=394
COMMIT
INSERT INTO INVENTARIO VALUES(395,'playstation','D')
COMMIT
/*C9*/SET SCHEMA PUBLIC
CREATE TABLE IF NOT EXISTS inventario (id INTEGER IDENTITY, category varchar(100), status varchar(1))
DELETE FROM INVENTARIO WHERE ID=395
COMMIT
INSERT INTO INVENTARIO VALUES(396,'playstation','D')
COMMIT
/*C11*/SET SCHEMA PUBLIC
CREATE TABLE IF NOT EXISTS inventario (id INTEGER IDENTITY, category varchar(100), status varchar(1))
DELETE FROM INVENTARIO WHERE ID=396
COMMIT
INSERT INTO INVENTARIO VALUES(397,'playstation2','D')
COMMIT
DELETE FROM INVENTARIO WHERE ID=397
INSERT INTO INVENTARIO VALUES(397,'playstation2','V')
COMMIT
