/*C4*/SET SCHEMA PUBLIC
CREATE TABLE IF NOT EXISTS produto (id INTEGER IDENTITY, name varchar(100), price integer,  category varchar(100))
/*C6*/SET SCHEMA PUBLIC
CREATE TABLE IF NOT EXISTS inventario (id INTEGER IDENTITY, category varchar(100), status varchar(1))
/*C4*/INSERT INTO PRODUTO VALUES(1660,'Playstation',2000,'playstation')
COMMIT
/*C6*/INSERT INTO INVENTARIO VALUES(253,'playstation','D')
COMMIT
/*C7*/SET SCHEMA PUBLIC
CREATE TABLE IF NOT EXISTS inventario (id INTEGER IDENTITY, category varchar(100), status varchar(1))
DELETE FROM INVENTARIO WHERE ID=253
COMMIT
/*C9*/SET SCHEMA PUBLIC
CREATE TABLE IF NOT EXISTS produto (id INTEGER IDENTITY, name varchar(100), price integer,  category varchar(100))
DELETE FROM PRODUTO WHERE ID=1660
COMMIT
INSERT INTO PRODUTO VALUES(1661,'Playstation',2000,'playstation')
COMMIT
/*C7*/INSERT INTO INVENTARIO VALUES(254,'playstation','D')
COMMIT
DELETE FROM INVENTARIO WHERE ID=254
INSERT INTO INVENTARIO VALUES(254,'playstation','V')
COMMIT
/*C11*/SET SCHEMA PUBLIC
CREATE TABLE IF NOT EXISTS produto (id INTEGER IDENTITY, name varchar(100), price integer,  category varchar(100))
DELETE FROM PRODUTO WHERE ID=1661
COMMIT
INSERT INTO PRODUTO VALUES(1662,'Playstaxion2',1001,'playstation')
COMMIT
/*C13*/SET SCHEMA PUBLIC
CREATE TABLE IF NOT EXISTS produto (id INTEGER IDENTITY, name varchar(100), price integer,  category varchar(100))
DELETE FROM PRODUTO WHERE ID=1662
COMMIT
INSERT INTO PRODUTO VALUES(1663,'Playstaxion2',1001,'playstation')
COMMIT
/*C17*/SET SCHEMA PUBLIC
CREATE TABLE IF NOT EXISTS produto (id INTEGER IDENTITY, name varchar(100), price integer,  category varchar(100))
DELETE FROM PRODUTO WHERE ID=1663
COMMIT
INSERT INTO PRODUTO VALUES(1664,'Playstaxion2',1001,'playstation')
COMMIT
DELETE FROM PRODUTO WHERE ID=1664
COMMIT
/*C19*/SET SCHEMA PUBLIC
CREATE TABLE IF NOT EXISTS produto (id INTEGER IDENTITY, name varchar(100), price integer,  category varchar(100))
INSERT INTO PRODUTO VALUES(1665,'Playstaxion2',1001,'playstation')
COMMIT
DELETE FROM PRODUTO WHERE ID=1665
INSERT INTO PRODUTO VALUES(1665,'Playstaxion22',1002,'playstation22')
COMMIT
/*C24*/SET SCHEMA PUBLIC
CREATE TABLE IF NOT EXISTS produto (id INTEGER IDENTITY, name varchar(100), price integer,  category varchar(100))
/*C23*/SET SCHEMA PUBLIC
CREATE TABLE IF NOT EXISTS inventario (id INTEGER IDENTITY, category varchar(100), status varchar(1))
/*C24*/DELETE FROM PRODUTO WHERE ID=1665
COMMIT
/*C23*/DELETE FROM INVENTARIO WHERE ID=254
COMMIT
/*C24*/INSERT INTO PRODUTO VALUES(1666,'Playstation',2000,'playstation')
COMMIT
/*C25*/SET SCHEMA PUBLIC
CREATE TABLE IF NOT EXISTS produto (id INTEGER IDENTITY, name varchar(100), price integer,  category varchar(100))
DELETE FROM PRODUTO WHERE ID=1666
COMMIT
/*C26*/SET SCHEMA PUBLIC
CREATE TABLE IF NOT EXISTS inventario (id INTEGER IDENTITY, category varchar(100), status varchar(1))
/*C25*/INSERT INTO PRODUTO VALUES(1667,'Playstation',2000,'playstation')
COMMIT
DELETE FROM PRODUTO WHERE ID=1667
COMMIT
/*C28*/SET SCHEMA PUBLIC
CREATE TABLE IF NOT EXISTS produto (id INTEGER IDENTITY, name varchar(100), price integer,  category varchar(100))
/*C29*/SET SCHEMA PUBLIC
CREATE TABLE IF NOT EXISTS inventario (id INTEGER IDENTITY, category varchar(100), status varchar(1))
